This is pdfTeX, Version 3.1415926-2.3-1.40.12 (MiKTeX 2.9) (preloaded format=pdflatex 2014.9.11)  13 SEP 2014 13:36
entering extended mode
**G:/Doc/LaTex/QM1-Ferma/QM-1.tex
(G:/Doc/LaTex/QM1-Ferma/QM-1.tex
LaTeX2e <2011/06/27>
Babel <v3.8m> and hyphenation patterns for loaded.
(J:\CTEX\MiKTeX\tex\latex\base\article.cls
Document Class: article 2007/10/19 v1.4h Standard LaTeX document class
(J:\CTEX\MiKTeX\tex\latex\base\size10.clo
File: size10.clo 2007/10/19 v1.4h Standard LaTeX file (size option)
)
\c@part=\count79
\c@section=\count80
\c@subsection=\count81
\c@subsubsection=\count82
\c@paragraph=\count83
\c@subparagraph=\count84
\c@figure=\count85
\c@table=\count86
\abovecaptionskip=\skip41
\belowcaptionskip=\skip42
\bibindent=\dimen102
)
(J:\CTEX\MiKTeX\tex\latex\cjk\CJK.sty
Package: CJK 2008/12/29 4.8.2

(J:\CTEX\MiKTeX\tex\latex\cjk\mule\MULEenc.sty
Package: MULEenc 2008/12/29 4.8.2
)
(J:\CTEX\MiKTeX\tex\latex\cjk\CJK.enc
File: CJK.enc 2008/12/29 4.8.2
)
LaTeX Info: Redefining \selectfont on input line 756.
\CJK@indent=\box26
) (G:\Doc\LaTex\QM1-Ferma\QM-1.aux)
LaTeX Font Info:    Checking defaults for OML/cmm/m/it on input line 3.
LaTeX Font Info:    ... okay on input line 3.
LaTeX Font Info:    Checking defaults for T1/cmr/m/n on input line 3.
LaTeX Font Info:    ... okay on input line 3.
LaTeX Font Info:    Checking defaults for OT1/cmr/m/n on input line 3.
LaTeX Font Info:    ... okay on input line 3.
LaTeX Font Info:    Checking defaults for OMS/cmsy/m/n on input line 3.
LaTeX Font Info:    ... okay on input line 3.
LaTeX Font Info:    Checking defaults for OMX/cmex/m/n on input line 3.
LaTeX Font Info:    ... okay on input line 3.
LaTeX Font Info:    Checking defaults for U/cmr/m/n on input line 3.
LaTeX Font Info:    ... okay on input line 3.
LaTeX Font Info:    Checking defaults for C00/song/m/n on input line 3.
LaTeX Font Info:    ... okay on input line 3.
LaTeX Font Info:    Checking defaults for C05/song/m/n on input line 3.
LaTeX Font Info:    ... okay on input line 3.
LaTeX Font Info:    Checking defaults for C09/song/m/n on input line 3.
LaTeX Font Info:    ... okay on input line 3.
LaTeX Font Info:    Checking defaults for C10/song/m/n on input line 3.
LaTeX Font Info:    ... okay on input line 3.
LaTeX Font Info:    Checking defaults for C20/song/m/n on input line 3.
LaTeX Font Info:    ... okay on input line 3.
LaTeX Font Info:    Checking defaults for C19/song/m/n on input line 3.
LaTeX Font Info:    ... okay on input line 3.
LaTeX Font Info:    Checking defaults for C40/song/m/n on input line 3.
LaTeX Font Info:    ... okay on input line 3.
LaTeX Font Info:    Checking defaults for C42/song/m/n on input line 3.
LaTeX Font Info:    ... okay on input line 3.
LaTeX Font Info:    Checking defaults for C43/song/m/n on input line 3.
LaTeX Font Info:    ... okay on input line 3.
LaTeX Font Info:    Checking defaults for C50/song/m/n on input line 3.
LaTeX Font Info:    ... okay on input line 3.
LaTeX Font Info:    Checking defaults for C52/song/m/n on input line 3.
LaTeX Font Info:    ... okay on input line 3.
LaTeX Font Info:    Checking defaults for C49/song/m/n on input line 3.
LaTeX Font Info:    ... okay on input line 3.
LaTeX Font Info:    Checking defaults for C60/mj/m/n on input line 3.
LaTeX Font Info:    ... okay on input line 3.
LaTeX Font Info:    Checking defaults for C61/mj/m/n on input line 3.
LaTeX Font Info:    ... okay on input line 3.
LaTeX Font Info:    Checking defaults for C63/mj/m/n on input line 3.
LaTeX Font Info:    ... okay on input line 3.
LaTeX Font Info:    Checking defaults for C64/mj/m/n on input line 3.
LaTeX Font Info:    ... okay on input line 3.
LaTeX Font Info:    Checking defaults for C65/mj/m/n on input line 3.
LaTeX Font Info:    ... okay on input line 3.
LaTeX Font Info:    Checking defaults for C70/song/m/n on input line 3.
LaTeX Font Info:    ... okay on input line 3.
LaTeX Font Info:    Checking defaults for C31/song/m/n on input line 3.
LaTeX Font Info:    ... okay on input line 3.
LaTeX Font Info:    Checking defaults for C32/song/m/n on input line 3.
LaTeX Font Info:    ... okay on input line 3.
LaTeX Font Info:    Checking defaults for C33/song/m/n on input line 3.
LaTeX Font Info:    ... okay on input line 3.
LaTeX Font Info:    Checking defaults for C34/song/m/n on input line 3.
LaTeX Font Info:    ... okay on input line 3.
LaTeX Font Info:    Checking defaults for C35/song/m/n on input line 3.
LaTeX Font Info:    ... okay on input line 3.
LaTeX Font Info:    Checking defaults for C36/song/m/n on input line 3.
LaTeX Font Info:    ... okay on input line 3.
LaTeX Font Info:    Checking defaults for C37/song/m/n on input line 3.
LaTeX Font Info:    ... okay on input line 3.
LaTeX Font Info:    Checking defaults for C80/song/m/n on input line 3.
LaTeX Font Info:    ... okay on input line 3.
LaTeX Font Info:    Checking defaults for C81/song/m/n on input line 3.
LaTeX Font Info:    ... okay on input line 3.
LaTeX Font Info:    Checking defaults for C01/song/m/n on input line 3.
LaTeX Font Info:    ... okay on input line 3.
LaTeX Font Info:    Checking defaults for C11/song/m/n on input line 3.
LaTeX Font Info:    ... okay on input line 3.
LaTeX Font Info:    Checking defaults for C21/song/m/n on input line 3.
LaTeX Font Info:    ... okay on input line 3.
LaTeX Font Info:    Checking defaults for C41/song/m/n on input line 3.
LaTeX Font Info:    ... okay on input line 3.
LaTeX Font Info:    Checking defaults for C62/song/m/n on input line 3.
LaTeX Font Info:    ... okay on input line 3.

(J:\CTEX\MiKTeX\tex\latex\cjk\standard.bdg
File: standard.bdg 2008/12/29 4.8.2
)
(J:\CTEX\MiKTeX\tex\latex\cjk\extended.enc
File: extended.enc 2008/12/29 4.8.2
)
(J:\CTEX\MiKTeX\tex\latex\cjk\extended.chr
File: extended.chr 2008/12/29 4.8.2
)
LaTeX Font Info:    Try loading font information for C19+kai on input line 6.

(J:\CTEX\CTeX\tex\latex\CJK\GB\c19kai.fd
File: c19kai.fd 2009/09/23 4.8.2
)
LaTeX Font Info:    Try loading font information for C19+song on input line 9.

(J:\CTEX\CTeX\tex\latex\CJK\GB\c19song.fd
File: c19song.fd 2009/09/23 4.8.2
)
LaTeX Font Info:    External font `cmex10' loaded for size
(Font)              <7> on input line 9.
LaTeX Font Info:    External font `cmex10' loaded for size
(Font)              <5> on input line 9.
 [1

{J:/CTEX/UserData/pdftex/config/pdftex.map{Unicode.sfd}{UGBK.sfd}}] (G:\Doc\LaT
ex\QM1-Ferma\QM-1.aux) ) 
Here is how much of TeX's memory you used:
 1398 strings out of 495354
 15039 string characters out of 3183859
 62549 words of memory out of 3000000
 4590 multiletter control sequences out of 15000+200000
 12898 words of font info for 45 fonts, out of 3000000 for 9000
 14 hyphenation exceptions out of 8191
 23i,4n,21p,228b,289s stack positions out of 5000i,500n,10000p,200000b,50000s
<J:/CTEX/CTeX/fonts/truetype/chinese/simsun.ttf><J:/CTE
X/CTeX/fonts/truetype/chinese/simsun.ttf><J:/CTEX/CTeX/fonts/truetype/chinese/s
imsun.ttf><J:/CTEX/CTeX/fonts/truetype/chinese/simsun.ttf><J:/CTEX/CTeX/fonts/t
ruetype/chinese/simsun.ttf><J:/CTEX/CTeX/fonts/truetype/chinese/simsun.ttf><J:/
CTEX/CTeX/fonts/truetype/chinese/simsun.ttf><J:/CTEX/CTeX/fonts/truetype/chines
e/simsun.ttf><J:/CTEX/CTeX/fonts/truetype/chinese/simsun.ttf><J:/CTEX/CTeX/font
s/truetype/chinese/simsun.ttf><J:/CTEX/CTeX/fonts/truetype/chinese/simsun.ttf><
J:/CTEX/CTeX/fonts/truetype/chinese/simsun.ttf><J:/CTEX/CTeX/fonts/truetype/chi
nese/simsun.ttf><J:/CTEX/CTeX/fonts/truetype/chinese/simsun.ttf><J:/CTEX/CTeX/f
onts/truetype/chinese/simsun.ttf><J:/CTEX/CTeX/fonts/truetype/chinese/simsun.tt
f><J:/CTEX/CTeX/fonts/truetype/chinese/simsun.ttf><J:/CTEX/CTeX/fonts/truetype/
chinese/simsun.ttf><J:/CTEX/CTeX/fonts/truetype/chinese/simsun.ttf><J:/CTEX/CTe
X/fonts/truetype/chinese/simsun.ttf><J:/CTEX/CTeX/fonts/truetype/chinese/simsun
.ttf><J:/CTEX/CTeX/fonts/truetype/chinese/simsun.ttf><H:/Windows/Fonts/simkai.t
tf><H:/Windows/Fonts/simkai.ttf><H:/Windows/Fonts/simkai.ttf><H:/Windows/Fonts/
simkai.ttf><H:/Windows/Fonts/simkai.ttf><H:/Windows/Fonts/simkai.ttf><H:/Window
s/Fonts/simkai.ttf><H:/Windows/Fonts/simkai.ttf><H:/Windows/Fonts/simkai.ttf><J
:/CTEX/MiKTeX/fonts/type1/public/amsfonts/cm/cmex10.pfb><J:/CTEX/MiKTeX/fonts/t
ype1/public/amsfonts/cm/cmmi10.pfb><J:/CTEX/MiKTeX/fonts/type1/public/amsfonts/
cm/cmmi7.pfb><J:/CTEX/MiKTeX/fonts/type1/public/amsfonts/cm/cmr10.pfb><J:/CTEX/
MiKTeX/fonts/type1/public/amsfonts/cm/cmr7.pfb><J:/CTEX/MiKTeX/fonts/type1/publ
ic/amsfonts/cm/cmsy10.pfb>
Output written on QM-1.pdf (1 page, 134458 bytes).
PDF statistics:
 154 PDF objects out of 1000 (max. 8388607)
 0 named destinations out of 1000 (max. 500000)
 1 words of extra memory for PDF output out of 10000 (max. 10000000)

